
Showing logs for build [32mcb-kubecd-environment-pr-1537-8-rkbq9-1[0m stage [32mfrom-build-pack[0m and container [32mstep-credential-initializer-2d76z[0m
{"level":"info","ts":1592412438.5561495,"logger":"fallback-logger","caller":"logging/config.go:69","msg":"Fetch GitHub commit ID from kodata failed: open /var/run/ko/refs/heads/0.8.0-ns-support: no such file or directory"}
{"level":"info","ts":1592412438.5571458,"logger":"fallback-logger","caller":"creds-init/main.go:40","msg":"Credentials initialized."}

Showing logs for build [32mcb-kubecd-environment-pr-1537-8-rkbq9-1[0m stage [32mfrom-build-pack[0m and container [32mstep-working-dir-initializer-6kpl8[0m
{"level":"info","ts":1592412439.623571,"logger":"fallback-logger","caller":"logging/config.go:69","msg":"Fetch GitHub commit ID from kodata failed: open /var/run/ko/HEAD: no such file or directory"}
{"level":"info","ts":1592412439.6271007,"logger":"fallback-logger","caller":"bash/main.go:64","msg":"Successfully executed command \"sh -c mkdir -p /workspace/source\"; output "}

Showing logs for build [32mcb-kubecd-environment-pr-1537-8-rkbq9-1[0m stage [32mfrom-build-pack[0m and container [32mstep-place-tools[0m

Showing logs for build [32mcb-kubecd-environment-pr-1537-8-rkbq9-1[0m stage [32mfrom-build-pack[0m and container [32mstep-git-source-cb-kubecd-environment-pr-1537-8-rkbq9-29pbb[0m
{"level":"info","ts":1592412466.7462502,"logger":"fallback-logger","caller":"logging/config.go:69","msg":"Fetch GitHub commit ID from kodata failed: open /var/run/ko/refs/heads/0.8.0-ns-support: no such file or directory"}
{"level":"info","ts":1592412468.083327,"logger":"fallback-logger","caller":"git/git.go:103","msg":"Successfully cloned https://github.com/cb-kubecd/environment-pr-1537-8-bdd-frontend-staging.git @ master in path /workspace/source"}

Showing logs for build [32mcb-kubecd-environment-pr-1537-8-rkbq9-1[0m stage [32mfrom-build-pack[0m and container [32mstep-git-merge[0m
Using SHAs from PULL_REFS=master:afd6c824389097f44f8c2a09cc3553e1681a2ae6,1:f1666ab5adb30b9f2dae6f02f95886c01866097c
DEBUG: JX_LOG_LEVEL=error LC_ALL=C git fetch origin --unshallow f1666ab5adb30b9f2dae6f02f95886c01866097c: afd6c824389097f44f8c2a09cc3553e1681a2ae6:
DEBUG: ran git fetch --unshallow origin f1666ab5adb30b9f2dae6f02f95886c01866097c: afd6c824389097f44f8c2a09cc3553e1681a2ae6: in 
DEBUG: LC_ALL=C JX_LOG_LEVEL=error git branch
DEBUG: LC_ALL=C JX_LOG_LEVEL=error git checkout master
DEBUG: ran git checkout master in 
DEBUG: LC_ALL=C JX_LOG_LEVEL=error git reset --hard afd6c824389097f44f8c2a09cc3553e1681a2ae6
DEBUG: ran git reset --hard afd6c824389097f44f8c2a09cc3553e1681a2ae6 in 
DEBUG: LC_ALL=C JX_LOG_LEVEL=error git clean -fd .
DEBUG: ran clean --force -d . in 
DEBUG: LC_ALL=C JX_LOG_LEVEL=error git merge f1666ab5adb30b9f2dae6f02f95886c01866097c
DEBUG: ran git merge f1666ab5adb30b9f2dae6f02f95886c01866097c in 
DEBUG: LC_ALL=C JX_LOG_LEVEL=error git log --format=%H%x1f%an%x1f%ae%x1f%cn%x1f%ce%x1f%s%n%b%x1e afd6c824389097f44f8c2a09cc3553e1681a2ae6..HEAD
Merged SHA f1666ab5adb30b9f2dae6f02f95886c01866097c with commit message 'chore: Promote bdd-nh-1592411314 to version 0.0.1' into base branch master

Showing logs for build [32mcb-kubecd-environment-pr-1537-8-rkbq9-1[0m stage [32mfrom-build-pack[0m and container [32mstep-build-helm-build[0m
WARNING: No $CHART_REPOSITORY defined so using the default value of: http://jenkins-x-chartmuseum:8080
Adding missing Helm repo: storage.googleapis.com https://storage.googleapis.com/chartmuseum.jenkins-x.io
WARNING: No secrets found on "helm/repos" due: reading the secret "helm/repos" from vault: no secret "helm/repos" not found in vault
Read credentials for https://storage.googleapis.com/chartmuseum.jenkins-x.io from vault helm/repos
Successfully added Helm repository storage.googleapis.com.
Adding missing Helm repo: jenkins-x-chartmuseum http://jenkins-x-chartmuseum:8080
WARNING: No secrets found on "helm/repos" due: reading the secret "helm/repos" from vault: no secret "helm/repos" not found in vault
Read credentials for http://jenkins-x-chartmuseum:8080 from vault helm/repos
Successfully added Helm repository jenkins-x-chartmuseum.
WARNING: No $CHART_REPOSITORY defined so using the default value of: http://jenkins-x-chartmuseum:8080
Adding missing Helm repo: chartmuseum.jenkins-x.io http://chartmuseum.jenkins-x.io
WARNING: No secrets found on "helm/repos" due: reading the secret "helm/repos" from vault: no secret "helm/repos" not found in vault
Read credentials for http://chartmuseum.jenkins-x.io from vault helm/repos
Successfully added Helm repository chartmuseum.jenkins-x.io.
